<?xml version="1.0" encoding="UTF-8"?>
<testng-results ignored="0" total="2" passed="2" failed="0" skipped="0">
  <reporter-output>
  </reporter-output>
  <suite started-at="2025-11-20T13:07:41 IST" name="Suite" finished-at="2025-11-20T13:07:56 IST" duration-ms="15434">
    <groups>
    </groups>
    <test started-at="2025-11-20T13:07:41 IST" name="Test" finished-at="2025-11-20T13:07:56 IST" duration-ms="15434">
      <class name="vigneshkumar.LoginPageTest">
        <test-method signature="checkPage()[pri:0, instance:vigneshkumar.LoginPageTest@4802796d]" started-at="2025-11-20T13:07:41 IST" name="checkPage" finished-at="2025-11-20T13:07:52 IST" duration-ms="11003" status="PASS">
          <reporter-output>
          </reporter-output>
        </test-method> <!-- checkPage -->
        <test-method signature="openPage()[pri:0, instance:vigneshkumar.LoginPageTest@4802796d]" started-at="2025-11-20T13:07:52 IST" name="openPage" finished-at="2025-11-20T13:07:56 IST" duration-ms="4363" status="PASS">
          <reporter-output>
          </reporter-output>
        </test-method> <!-- openPage -->
      </class> <!-- vigneshkumar.LoginPageTest -->
    </test> <!-- Test -->
  </suite> <!-- Suite -->
</testng-results>
