<?xml version="1.0" encoding="UTF-8"?>
<testng-results ignored="0" total="2" passed="2" failed="0" skipped="0">
  <reporter-output>
  </reporter-output>
  <suite started-at="2025-11-19T12:24:33 IST" name="Suite" finished-at="2025-11-19T12:24:50 IST" duration-ms="16498">
    <groups>
    </groups>
    <test started-at="2025-11-19T12:24:33 IST" name="Test" finished-at="2025-11-19T12:24:50 IST" duration-ms="16498">
      <class name="Vigneshkumar.Test.LoginPage">
        <test-method signature="checkPage()[pri:0, instance:Vigneshkumar.Test.LoginPage@3590fc5b]" started-at="2025-11-19T12:24:33 IST" name="checkPage" finished-at="2025-11-19T12:24:44 IST" duration-ms="10761" status="PASS">
          <reporter-output>
          </reporter-output>
        </test-method> <!-- checkPage -->
        <test-method signature="openPage()[pri:0, instance:Vigneshkumar.Test.LoginPage@3590fc5b]" started-at="2025-11-19T12:24:44 IST" name="openPage" finished-at="2025-11-19T12:24:50 IST" duration-ms="5684" status="PASS">
          <reporter-output>
          </reporter-output>
        </test-method> <!-- openPage -->
      </class> <!-- Vigneshkumar.Test.LoginPage -->
    </test> <!-- Test -->
  </suite> <!-- Suite -->
</testng-results>
